[0.201s] DEBUG:colcon:Command line arguments: ['/usr/bin/colcon', 'build']
[0.201s] DEBUG:colcon:Parsed command line arguments: Namespace(log_base=None, log_level=None, verb_name='build', build_base='build', install_base='install', merge_install=False, symlink_install=False, test_result_base=None, continue_on_error=False, executor='parallel', parallel_workers=22, event_handlers=None, ignore_user_meta=False, metas=['./colcon.meta'], base_paths=['.'], packages_ignore=None, packages_ignore_regex=None, paths=None, packages_up_to=None, packages_up_to_regex=None, packages_above=None, packages_above_and_dependencies=None, packages_above_depth=None, packages_select_by_dep=None, packages_skip_by_dep=None, packages_skip_up_to=None, packages_select_build_failed=False, packages_skip_build_finished=False, packages_select_test_failures=False, packages_skip_test_passed=False, packages_select=None, packages_skip=None, packages_select_regex=None, packages_skip_regex=None, packages_start=None, packages_end=None, allow_overriding=[], cmake_args=None, cmake_target=None, cmake_target_skip_unavailable=False, cmake_clean_cache=False, cmake_clean_first=False, cmake_force_configure=False, ament_cmake_args=None, catkin_cmake_args=None, catkin_skip_building_tests=False, mixin_files=None, mixin=None, verb_parser=<colcon_mixin.mixin.mixin_argument.MixinArgumentDecorator object at 0x79684ed56920>, verb_extension=<colcon_core.verb.build.BuildVerb object at 0x79684ed55ea0>, main=<bound method BuildVerb.main of <colcon_core.verb.build.BuildVerb object at 0x79684ed55ea0>>, mixin_verb=('build',))
[0.376s] Level 1:colcon.colcon_core.package_discovery:discover_packages(colcon_meta) check parameters
[0.376s] Level 1:colcon.colcon_core.package_discovery:discover_packages(recursive) check parameters
[0.376s] Level 1:colcon.colcon_core.package_discovery:discover_packages(ignore) check parameters
[0.376s] Level 1:colcon.colcon_core.package_discovery:discover_packages(path) check parameters
[0.376s] Level 1:colcon.colcon_core.package_discovery:discover_packages(colcon_meta) discover
[0.376s] Level 1:colcon.colcon_core.package_discovery:discover_packages(recursive) discover
[0.376s] INFO:colcon.colcon_core.package_discovery:Crawling recursively for packages in '/home/lenat/URC-2026/rover_teleop_ws'
[0.376s] Level 1:colcon.colcon_core.package_identification:_identify(.) by extensions ['ignore', 'ignore_ament_install']
[0.376s] Level 1:colcon.colcon_core.package_identification:_identify(.) by extension 'ignore'
[0.376s] Level 1:colcon.colcon_core.package_identification:_identify(.) by extension 'ignore_ament_install'
[0.376s] Level 1:colcon.colcon_core.package_identification:_identify(.) by extensions ['colcon_pkg']
[0.376s] Level 1:colcon.colcon_core.package_identification:_identify(.) by extension 'colcon_pkg'
[0.376s] Level 1:colcon.colcon_core.package_identification:_identify(.) by extensions ['colcon_meta']
[0.377s] Level 1:colcon.colcon_core.package_identification:_identify(.) by extension 'colcon_meta'
[0.377s] Level 1:colcon.colcon_core.package_identification:_identify(.) by extensions ['ros']
[0.377s] Level 1:colcon.colcon_core.package_identification:_identify(.) by extension 'ros'
[0.387s] Level 1:colcon.colcon_core.package_identification:_identify(.) by extensions ['cmake', 'python']
[0.387s] Level 1:colcon.colcon_core.package_identification:_identify(.) by extension 'cmake'
[0.387s] Level 1:colcon.colcon_core.package_identification:_identify(.) by extension 'python'
[0.387s] Level 1:colcon.colcon_core.package_identification:_identify(.) by extensions ['python_setup_py']
[0.387s] Level 1:colcon.colcon_core.package_identification:_identify(.) by extension 'python_setup_py'
[0.387s] Level 1:colcon.colcon_core.package_identification:_identify(build) by extensions ['ignore', 'ignore_ament_install']
[0.387s] Level 1:colcon.colcon_core.package_identification:_identify(build) by extension 'ignore'
[0.387s] Level 1:colcon.colcon_core.package_identification:_identify(build) ignored
[0.387s] Level 1:colcon.colcon_core.package_identification:_identify(install) by extensions ['ignore', 'ignore_ament_install']
[0.387s] Level 1:colcon.colcon_core.package_identification:_identify(install) by extension 'ignore'
[0.387s] Level 1:colcon.colcon_core.package_identification:_identify(install) ignored
[0.387s] Level 1:colcon.colcon_core.package_identification:_identify(log) by extensions ['ignore', 'ignore_ament_install']
[0.388s] Level 1:colcon.colcon_core.package_identification:_identify(log) by extension 'ignore'
[0.388s] Level 1:colcon.colcon_core.package_identification:_identify(log) ignored
[0.388s] Level 1:colcon.colcon_core.package_identification:_identify(src) by extensions ['ignore', 'ignore_ament_install']
[0.388s] Level 1:colcon.colcon_core.package_identification:_identify(src) by extension 'ignore'
[0.388s] Level 1:colcon.colcon_core.package_identification:_identify(src) by extension 'ignore_ament_install'
[0.388s] Level 1:colcon.colcon_core.package_identification:_identify(src) by extensions ['colcon_pkg']
[0.388s] Level 1:colcon.colcon_core.package_identification:_identify(src) by extension 'colcon_pkg'
[0.388s] Level 1:colcon.colcon_core.package_identification:_identify(src) by extensions ['colcon_meta']
[0.388s] Level 1:colcon.colcon_core.package_identification:_identify(src) by extension 'colcon_meta'
[0.388s] Level 1:colcon.colcon_core.package_identification:_identify(src) by extensions ['ros']
[0.388s] Level 1:colcon.colcon_core.package_identification:_identify(src) by extension 'ros'
[0.388s] Level 1:colcon.colcon_core.package_identification:_identify(src) by extensions ['cmake', 'python']
[0.388s] Level 1:colcon.colcon_core.package_identification:_identify(src) by extension 'cmake'
[0.388s] Level 1:colcon.colcon_core.package_identification:_identify(src) by extension 'python'
[0.388s] Level 1:colcon.colcon_core.package_identification:_identify(src) by extensions ['python_setup_py']
[0.388s] Level 1:colcon.colcon_core.package_identification:_identify(src) by extension 'python_setup_py'
[0.388s] Level 1:colcon.colcon_core.package_identification:_identify(src/rover_teleop) by extensions ['ignore', 'ignore_ament_install']
[0.388s] Level 1:colcon.colcon_core.package_identification:_identify(src/rover_teleop) by extension 'ignore'
[0.388s] Level 1:colcon.colcon_core.package_identification:_identify(src/rover_teleop) by extension 'ignore_ament_install'
[0.388s] Level 1:colcon.colcon_core.package_identification:_identify(src/rover_teleop) by extensions ['colcon_pkg']
[0.388s] Level 1:colcon.colcon_core.package_identification:_identify(src/rover_teleop) by extension 'colcon_pkg'
[0.388s] Level 1:colcon.colcon_core.package_identification:_identify(src/rover_teleop) by extensions ['colcon_meta']
[0.388s] Level 1:colcon.colcon_core.package_identification:_identify(src/rover_teleop) by extension 'colcon_meta'
[0.388s] Level 1:colcon.colcon_core.package_identification:_identify(src/rover_teleop) by extensions ['ros']
[0.388s] Level 1:colcon.colcon_core.package_identification:_identify(src/rover_teleop) by extension 'ros'
[0.392s] DEBUG:colcon.colcon_core.package_identification:Package 'src/rover_teleop' with type 'ros.ament_python' and name 'rover_teleop'
[0.392s] Level 1:colcon.colcon_core.package_discovery:discover_packages(recursive) using defaults
[0.392s] Level 1:colcon.colcon_core.package_discovery:discover_packages(ignore) discover
[0.392s] Level 1:colcon.colcon_core.package_discovery:discover_packages(ignore) using defaults
[0.392s] Level 1:colcon.colcon_core.package_discovery:discover_packages(path) discover
[0.392s] Level 1:colcon.colcon_core.package_discovery:discover_packages(path) using defaults
[0.417s] Level 1:colcon.colcon_core.package_discovery:discover_packages(prefix_path) check parameters
[0.417s] Level 1:colcon.colcon_core.package_discovery:discover_packages(prefix_path) discover
[0.419s] DEBUG:colcon.colcon_installed_package_information.package_discovery:Found 1 installed packages in /home/lenat/URC-2026/rover_teleop_ws/install
[0.419s] DEBUG:colcon.colcon_installed_package_information.package_discovery:Found 4 installed packages in /home/lenat/URC-2026/embedded_ros2_ws/install
[0.421s] DEBUG:colcon.colcon_installed_package_information.package_discovery:Found 338 installed packages in /opt/ros/humble
[0.422s] Level 1:colcon.colcon_core.package_discovery:discover_packages(prefix_path) using defaults
[0.468s] Level 5:colcon.colcon_core.verb:set package 'rover_teleop' build argument 'cmake_args' from command line to 'None'
[0.468s] Level 5:colcon.colcon_core.verb:set package 'rover_teleop' build argument 'cmake_target' from command line to 'None'
[0.468s] Level 5:colcon.colcon_core.verb:set package 'rover_teleop' build argument 'cmake_target_skip_unavailable' from command line to 'False'
[0.468s] Level 5:colcon.colcon_core.verb:set package 'rover_teleop' build argument 'cmake_clean_cache' from command line to 'False'
[0.468s] Level 5:colcon.colcon_core.verb:set package 'rover_teleop' build argument 'cmake_clean_first' from command line to 'False'
[0.468s] Level 5:colcon.colcon_core.verb:set package 'rover_teleop' build argument 'cmake_force_configure' from command line to 'False'
[0.468s] Level 5:colcon.colcon_core.verb:set package 'rover_teleop' build argument 'ament_cmake_args' from command line to 'None'
[0.468s] Level 5:colcon.colcon_core.verb:set package 'rover_teleop' build argument 'catkin_cmake_args' from command line to 'None'
[0.468s] Level 5:colcon.colcon_core.verb:set package 'rover_teleop' build argument 'catkin_skip_building_tests' from command line to 'False'
[0.469s] DEBUG:colcon.colcon_core.verb:Building package 'rover_teleop' with the following arguments: {'ament_cmake_args': None, 'build_base': '/home/lenat/URC-2026/rover_teleop_ws/build/rover_teleop', 'catkin_cmake_args': None, 'catkin_skip_building_tests': False, 'cmake_args': None, 'cmake_clean_cache': False, 'cmake_clean_first': False, 'cmake_force_configure': False, 'cmake_target': None, 'cmake_target_skip_unavailable': False, 'install_base': '/home/lenat/URC-2026/rover_teleop_ws/install/rover_teleop', 'merge_install': False, 'path': '/home/lenat/URC-2026/rover_teleop_ws/src/rover_teleop', 'symlink_install': False, 'test_result_base': None}
[0.469s] INFO:colcon.colcon_core.executor:Executing jobs using 'parallel' executor
[0.470s] DEBUG:colcon.colcon_parallel_executor.executor.parallel:run_until_complete
[0.470s] INFO:colcon.colcon_ros.task.ament_python.build:Building ROS package in '/home/lenat/URC-2026/rover_teleop_ws/src/rover_teleop' with build type 'ament_python'
[0.471s] Level 1:colcon.colcon_core.shell:create_environment_hook('rover_teleop', 'ament_prefix_path')
[0.474s] INFO:colcon.colcon_core.plugin_system:Skipping extension 'colcon_core.shell.bat': Not used on non-Windows systems
[0.474s] INFO:colcon.colcon_core.shell:Creating environment hook '/home/lenat/URC-2026/rover_teleop_ws/install/rover_teleop/share/rover_teleop/hook/ament_prefix_path.ps1'
[0.475s] INFO:colcon.colcon_core.shell:Creating environment descriptor '/home/lenat/URC-2026/rover_teleop_ws/install/rover_teleop/share/rover_teleop/hook/ament_prefix_path.dsv'
[0.476s] INFO:colcon.colcon_core.shell:Creating environment hook '/home/lenat/URC-2026/rover_teleop_ws/install/rover_teleop/share/rover_teleop/hook/ament_prefix_path.sh'
[0.477s] INFO:colcon.colcon_core.shell:Skip shell extension 'powershell' for command environment: Not usable outside of PowerShell
[0.477s] DEBUG:colcon.colcon_core.shell:Skip shell extension 'dsv' for command environment
[0.693s] INFO:colcon.colcon_core.task.python.build:Building Python package in '/home/lenat/URC-2026/rover_teleop_ws/src/rover_teleop'
[0.694s] INFO:colcon.colcon_core.shell:Skip shell extension 'powershell' for command environment: Not usable outside of PowerShell
[0.694s] DEBUG:colcon.colcon_core.shell:Skip shell extension 'dsv' for command environment
[1.047s] DEBUG:colcon.colcon_core.event_handler.log_command:Invoking command in '/home/lenat/URC-2026/rover_teleop_ws/src/rover_teleop': PYTHONPATH=/home/lenat/URC-2026/rover_teleop_ws/build/rover_teleop/prefix_override:/usr/lib/python3/dist-packages/colcon_core/task/python/colcon_distutils_commands:/home/lenat/URC-2026/rover_teleop_ws/install/rover_teleop/lib/python3.10/site-packages:${PYTHONPATH} /usr/bin/python3 -W ignore:setup.py install is deprecated -W ignore:easy_install command is deprecated setup.py egg_info --egg-base ../../build/rover_teleop build --build-base /home/lenat/URC-2026/rover_teleop_ws/build/rover_teleop/build install --record /home/lenat/URC-2026/rover_teleop_ws/build/rover_teleop/install.log --single-version-externally-managed install_data
[1.272s] DEBUG:colcon.colcon_core.event_handler.log_command:Invoked command in '/home/lenat/URC-2026/rover_teleop_ws/src/rover_teleop' returned '0': PYTHONPATH=/home/lenat/URC-2026/rover_teleop_ws/build/rover_teleop/prefix_override:/usr/lib/python3/dist-packages/colcon_core/task/python/colcon_distutils_commands:/home/lenat/URC-2026/rover_teleop_ws/install/rover_teleop/lib/python3.10/site-packages:${PYTHONPATH} /usr/bin/python3 -W ignore:setup.py install is deprecated -W ignore:easy_install command is deprecated setup.py egg_info --egg-base ../../build/rover_teleop build --build-base /home/lenat/URC-2026/rover_teleop_ws/build/rover_teleop/build install --record /home/lenat/URC-2026/rover_teleop_ws/build/rover_teleop/install.log --single-version-externally-managed install_data
[1.274s] Level 1:colcon.colcon_core.environment:checking '/home/lenat/URC-2026/rover_teleop_ws/install/rover_teleop' for CMake module files
[1.275s] Level 1:colcon.colcon_core.environment:checking '/home/lenat/URC-2026/rover_teleop_ws/install/rover_teleop' for CMake config files
[1.275s] Level 1:colcon.colcon_core.environment:checking '/home/lenat/URC-2026/rover_teleop_ws/install/rover_teleop/lib'
[1.275s] Level 1:colcon.colcon_core.environment:checking '/home/lenat/URC-2026/rover_teleop_ws/install/rover_teleop/bin'
[1.275s] Level 1:colcon.colcon_core.environment:checking '/home/lenat/URC-2026/rover_teleop_ws/install/rover_teleop/lib/pkgconfig/rover_teleop.pc'
[1.276s] Level 1:colcon.colcon_core.environment:checking '/home/lenat/URC-2026/rover_teleop_ws/install/rover_teleop/lib/python3.10/site-packages'
[1.276s] Level 1:colcon.colcon_core.shell:create_environment_hook('rover_teleop', 'pythonpath')
[1.276s] INFO:colcon.colcon_core.shell:Creating environment hook '/home/lenat/URC-2026/rover_teleop_ws/install/rover_teleop/share/rover_teleop/hook/pythonpath.ps1'
[1.276s] INFO:colcon.colcon_core.shell:Creating environment descriptor '/home/lenat/URC-2026/rover_teleop_ws/install/rover_teleop/share/rover_teleop/hook/pythonpath.dsv'
[1.277s] INFO:colcon.colcon_core.shell:Creating environment hook '/home/lenat/URC-2026/rover_teleop_ws/install/rover_teleop/share/rover_teleop/hook/pythonpath.sh'
[1.278s] Level 1:colcon.colcon_core.environment:checking '/home/lenat/URC-2026/rover_teleop_ws/install/rover_teleop/bin'
[1.278s] Level 1:colcon.colcon_core.environment:create_environment_scripts_only(rover_teleop)
[1.278s] INFO:colcon.colcon_core.shell:Creating package script '/home/lenat/URC-2026/rover_teleop_ws/install/rover_teleop/share/rover_teleop/package.ps1'
[1.279s] INFO:colcon.colcon_core.shell:Creating package descriptor '/home/lenat/URC-2026/rover_teleop_ws/install/rover_teleop/share/rover_teleop/package.dsv'
[1.279s] INFO:colcon.colcon_core.shell:Creating package script '/home/lenat/URC-2026/rover_teleop_ws/install/rover_teleop/share/rover_teleop/package.sh'
[1.280s] INFO:colcon.colcon_core.shell:Creating package script '/home/lenat/URC-2026/rover_teleop_ws/install/rover_teleop/share/rover_teleop/package.bash'
[1.280s] INFO:colcon.colcon_core.shell:Creating package script '/home/lenat/URC-2026/rover_teleop_ws/install/rover_teleop/share/rover_teleop/package.zsh'
[1.281s] Level 1:colcon.colcon_core.environment:create_file_with_runtime_dependencies(/home/lenat/URC-2026/rover_teleop_ws/install/rover_teleop/share/colcon-core/packages/rover_teleop)
[1.281s] DEBUG:colcon.colcon_parallel_executor.executor.parallel:closing loop
[1.281s] DEBUG:colcon.colcon_parallel_executor.executor.parallel:loop closed
[1.282s] DEBUG:colcon.colcon_parallel_executor.executor.parallel:run_until_complete finished with '0'
[1.282s] DEBUG:colcon.colcon_core.event_reactor:joining thread
[1.324s] INFO:colcon.colcon_core.plugin_system:Skipping extension 'colcon_notification.desktop_notification.notify_send': Could not find 'notify-send'
[1.325s] INFO:colcon.colcon_core.plugin_system:Skipping extension 'colcon_notification.desktop_notification.terminal_notifier': Not used on non-Darwin systems
[1.325s] INFO:colcon.colcon_core.plugin_system:Skipping extension 'colcon_notification.desktop_notification.win32': Not used on non-Windows systems
[1.325s] INFO:colcon.colcon_notification.desktop_notification:Sending desktop notification using 'notify2'
[1.325s] DEBUG:colcon.colcon_notification.desktop_notification.notify2:Failed to initialize notify2: org.freedesktop.DBus.Error.FileNotFound: Failed to connect to socket /run/user/1000/bus: No such file or directory
[1.325s] DEBUG:colcon.colcon_core.event_reactor:joined thread
[1.325s] INFO:colcon.colcon_core.shell:Creating prefix script '/home/lenat/URC-2026/rover_teleop_ws/install/local_setup.ps1'
[1.326s] INFO:colcon.colcon_core.shell:Creating prefix util module '/home/lenat/URC-2026/rover_teleop_ws/install/_local_setup_util_ps1.py'
[1.327s] INFO:colcon.colcon_core.shell:Creating prefix chain script '/home/lenat/URC-2026/rover_teleop_ws/install/setup.ps1'
[1.328s] INFO:colcon.colcon_core.shell:Creating prefix script '/home/lenat/URC-2026/rover_teleop_ws/install/local_setup.sh'
[1.328s] INFO:colcon.colcon_core.shell:Creating prefix util module '/home/lenat/URC-2026/rover_teleop_ws/install/_local_setup_util_sh.py'
[1.329s] INFO:colcon.colcon_core.shell:Creating prefix chain script '/home/lenat/URC-2026/rover_teleop_ws/install/setup.sh'
[1.330s] INFO:colcon.colcon_core.shell:Creating prefix script '/home/lenat/URC-2026/rover_teleop_ws/install/local_setup.bash'
[1.330s] INFO:colcon.colcon_core.shell:Creating prefix chain script '/home/lenat/URC-2026/rover_teleop_ws/install/setup.bash'
[1.331s] INFO:colcon.colcon_core.shell:Creating prefix script '/home/lenat/URC-2026/rover_teleop_ws/install/local_setup.zsh'
[1.332s] INFO:colcon.colcon_core.shell:Creating prefix chain script '/home/lenat/URC-2026/rover_teleop_ws/install/setup.zsh'
