running egg_info
creating ../../build/rover_teleop/rover_teleop.egg-info
writing ../../build/rover_teleop/rover_teleop.egg-info/PKG-INFO
writing dependency_links to ../../build/rover_teleop/rover_teleop.egg-info/dependency_links.txt
writing entry points to ../../build/rover_teleop/rover_teleop.egg-info/entry_points.txt
writing requirements to ../../build/rover_teleop/rover_teleop.egg-info/requires.txt
writing top-level names to ../../build/rover_teleop/rover_teleop.egg-info/top_level.txt
writing manifest file '../../build/rover_teleop/rover_teleop.egg-info/SOURCES.txt'
reading manifest file '../../build/rover_teleop/rover_teleop.egg-info/SOURCES.txt'
writing manifest file '../../build/rover_teleop/rover_teleop.egg-info/SOURCES.txt'
running build
running build_py
creating /home/lenat/URC-2026/rover_teleop_ws/build/rover_teleop/build
creating /home/lenat/URC-2026/rover_teleop_ws/build/rover_teleop/build/lib
creating /home/lenat/URC-2026/rover_teleop_ws/build/rover_teleop/build/lib/rover_teleop
copying rover_teleop/__init__.py -> /home/lenat/URC-2026/rover_teleop_ws/build/rover_teleop/build/lib/rover_teleop
running install
running install_lib
creating /home/lenat/URC-2026/rover_teleop_ws/install/rover_teleop/lib/python3.10/site-packages/rover_teleop
copying /home/lenat/URC-2026/rover_teleop_ws/build/rover_teleop/build/lib/rover_teleop/__init__.py -> /home/lenat/URC-2026/rover_teleop_ws/install/rover_teleop/lib/python3.10/site-packages/rover_teleop
byte-compiling /home/lenat/URC-2026/rover_teleop_ws/install/rover_teleop/lib/python3.10/site-packages/rover_teleop/__init__.py to __init__.cpython-310.pyc
running install_data
creating /home/lenat/URC-2026/rover_teleop_ws/install/rover_teleop/share/ament_index
creating /home/lenat/URC-2026/rover_teleop_ws/install/rover_teleop/share/ament_index/resource_index
creating /home/lenat/URC-2026/rover_teleop_ws/install/rover_teleop/share/ament_index/resource_index/packages
copying resource/rover_teleop -> /home/lenat/URC-2026/rover_teleop_ws/install/rover_teleop/share/ament_index/resource_index/packages
copying package.xml -> /home/lenat/URC-2026/rover_teleop_ws/install/rover_teleop/share/rover_teleop
running install_egg_info
Copying ../../build/rover_teleop/rover_teleop.egg-info to /home/lenat/URC-2026/rover_teleop_ws/install/rover_teleop/lib/python3.10/site-packages/rover_teleop-0.0.0-py3.10.egg-info
running install_scripts
writing list of installed files to '/home/lenat/URC-2026/rover_teleop_ws/build/rover_teleop/install.log'
