running egg_info
writing ../../build/rover_teleop/rover_teleop.egg-info/PKG-INFO
writing dependency_links to ../../build/rover_teleop/rover_teleop.egg-info/dependency_links.txt
writing entry points to ../../build/rover_teleop/rover_teleop.egg-info/entry_points.txt
writing requirements to ../../build/rover_teleop/rover_teleop.egg-info/requires.txt
writing top-level names to ../../build/rover_teleop/rover_teleop.egg-info/top_level.txt
reading manifest file '../../build/rover_teleop/rover_teleop.egg-info/SOURCES.txt'
writing manifest file '../../build/rover_teleop/rover_teleop.egg-info/SOURCES.txt'
running build
running build_py
copying rover_teleop/velocity_publisher_node.py -> /home/lenat/URC-2026/rover_teleop_ws/build/rover_teleop/build/lib/rover_teleop
running install
running install_lib
copying /home/lenat/URC-2026/rover_teleop_ws/build/rover_teleop/build/lib/rover_teleop/velocity_publisher_node.py -> /home/lenat/URC-2026/rover_teleop_ws/install/rover_teleop/lib/python3.10/site-packages/rover_teleop
byte-compiling /home/lenat/URC-2026/rover_teleop_ws/install/rover_teleop/lib/python3.10/site-packages/rover_teleop/velocity_publisher_node.py to velocity_publisher_node.cpython-310.pyc
running install_data
running install_egg_info
removing '/home/lenat/URC-2026/rover_teleop_ws/install/rover_teleop/lib/python3.10/site-packages/rover_teleop-0.0.0-py3.10.egg-info' (and everything under it)
Copying ../../build/rover_teleop/rover_teleop.egg-info to /home/lenat/URC-2026/rover_teleop_ws/install/rover_teleop/lib/python3.10/site-packages/rover_teleop-0.0.0-py3.10.egg-info
running install_scripts
Installing velocity_node script to /home/lenat/URC-2026/rover_teleop_ws/install/rover_teleop/lib/rover_teleop
writing list of installed files to '/home/lenat/URC-2026/rover_teleop_ws/build/rover_teleop/install.log'
